Loading plugins phase: Elapsed time ==> 0s.152ms
<CYPRESSTAG name="CyDsfit arguments...">
cydsfit arguments: -.fdsnotice -.fdswarpdepfile=warp_dependencies.txt -.fdselabdepfile=elab_dependencies.txt -.fdsbldfile=generated_files.txt -.fdsreffile=referenced_files.txt -p C:\Users\Tacir_laptop\Desktop\School\Microcontrollers\Project\BLE Auto file\BLE_RCcar\Design01.cydsn\Design01.cyprj -d CY8C4247LQI-BL483 -s C:\Users\Tacir_laptop\Desktop\School\Microcontrollers\Project\BLE Auto file\BLE_RCcar\Design01.cydsn\Generated_Source\PSoC4 -- -yv2 -q10 -ygs -o2 -v3 -.fftcfgtype=LE
</CYPRESSTAG>
<CYPRESSTAG name="Design elaboration results...">
</CYPRESSTAG>
Elaboration phase: Elapsed time ==> 1s.783ms
<CYPRESSTAG name="HDL generation results...">
</CYPRESSTAG>
HDL generation phase: Elapsed time ==> 0s.070ms
<CYPRESSTAG name="Synthesis results...">

     | | | | | | |
   _________________
  -|               |-
  -|               |-
  -|               |-
  -|    CYPRESS    |-
  -|               |-
  -|               |-   Warp Verilog Synthesis Compiler: Version 6.3 IR 41
  -|               |-   Copyright (C) 1991-2001 Cypress Semiconductor
   |_______________|
     | | | | | | |

======================================================================
Compiling:  Design01.v
Program  :   C:\Program Files (x86)\Cypress\PSoC Creator\4.1\PSoC Creator\warp\bin\warp.exe
Options  :    -yv2 -q10 -ygs -o2 -v3 -.fftcfgtype=LE -ya -.fftprj=C:\Users\Tacir_laptop\Desktop\School\Microcontrollers\Project\BLE Auto file\BLE_RCcar\Design01.cydsn\Design01.cyprj -dcpsoc3 Design01.v -verilog
======================================================================

======================================================================
Compiling:  Design01.v
Program  :   C:\Program Files (x86)\Cypress\PSoC Creator\4.1\PSoC Creator\warp\bin\warp.exe
Options  :    -yv2 -q10 -ygs -o2 -v3 -.fftcfgtype=LE -ya -.fftprj=C:\Users\Tacir_laptop\Desktop\School\Microcontrollers\Project\BLE Auto file\BLE_RCcar\Design01.cydsn\Design01.cyprj -dcpsoc3 Design01.v -verilog
======================================================================

======================================================================
Compiling:  Design01.v
Program  :   vlogfe
Options  :    -yv2 -q10 -ygs -o2 -v3 -.fftcfgtype=LE -ya -.fftprj=C:\Users\Tacir_laptop\Desktop\School\Microcontrollers\Project\BLE Auto file\BLE_RCcar\Design01.cydsn\Design01.cyprj -dcpsoc3 -verilog Design01.v
======================================================================

vlogfe V6.3 IR 41:  Verilog parser
Thu Dec 07 12:51:13 2017


======================================================================
Compiling:  Design01.v
Program  :   vpp
Options  :    -yv2 -q10 Design01.v
======================================================================

vpp V6.3 IR 41:  Verilog Pre-Processor
Thu Dec 07 12:51:13 2017

Flattening file 'C:\Program Files (x86)\Cypress\PSoC Creator\4.1\PSoC Creator\psoc\content\CyPrimitives\cyprimitives.cylib\or_v1_0\or_v1_0.v'
Flattening file 'C:\Program Files (x86)\Cypress\PSoC Creator\4.1\PSoC Creator\psoc\content\CyPrimitives\cyprimitives.cylib\cy_constant_v1_0\cy_constant_v1_0.v'
Flattening file 'C:\Program Files (x86)\Cypress\PSoC Creator\4.1\PSoC Creator\psoc\content\CyComponentLibrary\CyComponentLibrary.cylib\B_PWM_v3_30\B_PWM_v3_30.v'
Flattening file 'C:\Program Files (x86)\Cypress\PSoC Creator\4.1\PSoC Creator\warp\lib\common\cypress.v'
Flattening file 'C:\Program Files (x86)\Cypress\PSoC Creator\4.1\PSoC Creator\warp\lib\common\cy_psoc3_inc.v'
Flattening file 'C:\Program Files (x86)\Cypress\PSoC Creator\4.1\PSoC Creator\psoc\content\CyPrimitives\cyprimitives.cylib\cy_virtualmux_v1_0\cy_virtualmux_v1_0.v'
Flattening file 'C:\Program Files (x86)\Cypress\PSoC Creator\4.1\PSoC Creator\psoc\content\CyPrimitives\cyprimitives.cylib\ZeroTerminal\ZeroTerminal.v'
Flattening file 'C:\Program Files (x86)\Cypress\PSoC Creator\4.1\PSoC Creator\psoc\content\CyPrimitives\cyprimitives.cylib\not_v1_0\not_v1_0.v'

vpp:  No errors.

Library 'work' => directory 'lcpsoc3'
General_symbol_table
General_symbol_table
Linking 'C:\Program Files (x86)\Cypress\PSoC Creator\4.1\PSoC Creator\warp\lib\common\std.vhd'.
Linking 'C:\Program Files (x86)\Cypress\PSoC Creator\4.1\PSoC Creator\warp\lib\common\cypress.vhd'.
Linking 'C:\Program Files (x86)\Cypress\PSoC Creator\4.1\PSoC Creator\warp\lib\common\work\cypress.vif'.
Linking 'C:\Program Files (x86)\Cypress\PSoC Creator\4.1\PSoC Creator\warp\lib\ieee\work\stdlogic.vif'.
Linking 'C:\Program Files (x86)\Cypress\PSoC Creator\4.1\PSoC Creator\warp\lib\common\stdlogic\lpmpkg.vif'.
Linking 'C:\Program Files (x86)\Cypress\PSoC Creator\4.1\PSoC Creator\warp\lib\common\stdlogic\rtlpkg.vif'.
Linking 'C:\Program Files (x86)\Cypress\PSoC Creator\4.1\PSoC Creator\warp\lib\common\stdlogic\mod_cnst.vif'.
Linking 'C:\Program Files (x86)\Cypress\PSoC Creator\4.1\PSoC Creator\warp\lib\common\stdlogic\mod_mthv.vif'.
Linking 'C:\Program Files (x86)\Cypress\PSoC Creator\4.1\PSoC Creator\warp\lib\common\stdlogic\mod_genv.vif'.
Using control file 'Design01.ctl'.
C:\Program Files (x86)\Cypress\PSoC Creator\4.1\PSoC Creator\psoc\content\CyComponentLibrary\CyComponentLibrary.cylib\B_PWM_v3_30\B_PWM_v3_30.v (line 947, col 46):  Note: Substituting module 'sub_vi_vv' for '-'.
C:\Program Files (x86)\Cypress\PSoC Creator\4.1\PSoC Creator\psoc\content\CyComponentLibrary\CyComponentLibrary.cylib\B_PWM_v3_30\B_PWM_v3_30.v (line 977, col 46):  Note: Substituting module 'add_vi_vv' for '+'.
Linking 'C:\Program Files (x86)\Cypress\PSoC Creator\4.1\PSoC Creator\warp\lib\common\stdlogic\cy_psoc3pkg.vif'.
Linking 'C:\Program Files (x86)\Cypress\PSoC Creator\4.1\PSoC Creator\warp\lib\common\stdlogic\cy_psoc3.vif'.

vlogfe:  No errors.


======================================================================
Compiling:  Design01.v
Program  :   tovif
Options  :    -yv2 -q10 -ygs -o2 -v3 -.fftcfgtype=LE -ya -.fftprj=C:\Users\Tacir_laptop\Desktop\School\Microcontrollers\Project\BLE Auto file\BLE_RCcar\Design01.cydsn\Design01.cyprj -dcpsoc3 -verilog Design01.v
======================================================================

tovif V6.3 IR 41:  High-level synthesis
Thu Dec 07 12:51:14 2017

Linking 'C:\Program Files (x86)\Cypress\PSoC Creator\4.1\PSoC Creator\warp\lib\common\std.vhd'.
Linking 'C:\Program Files (x86)\Cypress\PSoC Creator\4.1\PSoC Creator\warp\lib\common\cypress.vhd'.
Linking 'C:\Program Files (x86)\Cypress\PSoC Creator\4.1\PSoC Creator\warp\lib\common\work\cypress.vif'.
Linking 'C:\Program Files (x86)\Cypress\PSoC Creator\4.1\PSoC Creator\warp\lib\ieee\work\stdlogic.vif'.
Linking 'C:\Program Files (x86)\Cypress\PSoC Creator\4.1\PSoC Creator\warp\lib\common\stdlogic\lpmpkg.vif'.
Linking 'C:\Program Files (x86)\Cypress\PSoC Creator\4.1\PSoC Creator\warp\lib\common\stdlogic\rtlpkg.vif'.
Linking 'C:\Program Files (x86)\Cypress\PSoC Creator\4.1\PSoC Creator\warp\lib\common\stdlogic\mod_cnst.vif'.
Linking 'C:\Program Files (x86)\Cypress\PSoC Creator\4.1\PSoC Creator\warp\lib\common\stdlogic\mod_mthv.vif'.
Linking 'C:\Program Files (x86)\Cypress\PSoC Creator\4.1\PSoC Creator\warp\lib\common\stdlogic\mod_genv.vif'.
Linking 'C:\Users\Tacir_laptop\Desktop\School\Microcontrollers\Project\BLE Auto file\BLE_RCcar\Design01.cydsn\codegentemp\Design01.ctl'.
Linking 'C:\Program Files (x86)\Cypress\PSoC Creator\4.1\PSoC Creator\psoc\content\CyPrimitives\cyprimitives.cylib\or_v1_0\or_v1_0.v'.
Linking 'C:\Users\Tacir_laptop\Desktop\School\Microcontrollers\Project\BLE Auto file\BLE_RCcar\Design01.cydsn\codegentemp\Design01.v'.
Linking 'C:\Program Files (x86)\Cypress\PSoC Creator\4.1\PSoC Creator\psoc\content\CyPrimitives\cyprimitives.cylib\cy_constant_v1_0\cy_constant_v1_0.v'.
Linking 'C:\Program Files (x86)\Cypress\PSoC Creator\4.1\PSoC Creator\psoc\content\CyComponentLibrary\CyComponentLibrary.cylib\B_PWM_v3_30\B_PWM_v3_30.v'.
Linking 'C:\Program Files (x86)\Cypress\PSoC Creator\4.1\PSoC Creator\warp\lib\common\cypress.v'.
Linking 'C:\Program Files (x86)\Cypress\PSoC Creator\4.1\PSoC Creator\warp\lib\common\cy_psoc3_inc.v'.
Linking 'C:\Program Files (x86)\Cypress\PSoC Creator\4.1\PSoC Creator\psoc\content\CyPrimitives\cyprimitives.cylib\cy_virtualmux_v1_0\cy_virtualmux_v1_0.v'.
Linking 'C:\Program Files (x86)\Cypress\PSoC Creator\4.1\PSoC Creator\psoc\content\CyPrimitives\cyprimitives.cylib\ZeroTerminal\ZeroTerminal.v'.
Linking 'C:\Program Files (x86)\Cypress\PSoC Creator\4.1\PSoC Creator\psoc\content\CyPrimitives\cyprimitives.cylib\not_v1_0\not_v1_0.v'.
Linking 'C:\Program Files (x86)\Cypress\PSoC Creator\4.1\PSoC Creator\warp\lib\common\stdlogic\cy_psoc3pkg.vif'.
Linking 'C:\Program Files (x86)\Cypress\PSoC Creator\4.1\PSoC Creator\warp\lib\common\stdlogic\cy_psoc3.vif'.
Linking 'C:\Program Files (x86)\Cypress\PSoC Creator\4.1\PSoC Creator\warp\lib\lcpsoc3\stdlogic\mod_cnst.vif'.

tovif:  No errors.


======================================================================
Compiling:  Design01.v
Program  :   topld
Options  :    -yv2 -q10 -ygs -o2 -v3 -.fftcfgtype=LE -ya -.fftprj=C:\Users\Tacir_laptop\Desktop\School\Microcontrollers\Project\BLE Auto file\BLE_RCcar\Design01.cydsn\Design01.cyprj -dcpsoc3 -verilog Design01.v
======================================================================

topld V6.3 IR 41:  Synthesis and optimization
Thu Dec 07 12:51:14 2017

Linking 'C:\Program Files (x86)\Cypress\PSoC Creator\4.1\PSoC Creator\warp\lib\common\std.vhd'.
Linking 'C:\Program Files (x86)\Cypress\PSoC Creator\4.1\PSoC Creator\warp\lib\common\cypress.vhd'.
Linking 'C:\Program Files (x86)\Cypress\PSoC Creator\4.1\PSoC Creator\warp\lib\common\work\cypress.vif'.
Linking 'C:\Program Files (x86)\Cypress\PSoC Creator\4.1\PSoC Creator\warp\lib\ieee\work\stdlogic.vif'.
Linking 'C:\Program Files (x86)\Cypress\PSoC Creator\4.1\PSoC Creator\warp\lib\common\stdlogic\lpmpkg.vif'.
Linking 'C:\Program Files (x86)\Cypress\PSoC Creator\4.1\PSoC Creator\warp\lib\common\stdlogic\rtlpkg.vif'.
Linking 'C:\Program Files (x86)\Cypress\PSoC Creator\4.1\PSoC Creator\warp\lib\common\stdlogic\mod_cnst.vif'.
Linking 'C:\Program Files (x86)\Cypress\PSoC Creator\4.1\PSoC Creator\warp\lib\common\stdlogic\mod_mthv.vif'.
Linking 'C:\Program Files (x86)\Cypress\PSoC Creator\4.1\PSoC Creator\warp\lib\common\stdlogic\mod_genv.vif'.
Linking 'C:\Users\Tacir_laptop\Desktop\School\Microcontrollers\Project\BLE Auto file\BLE_RCcar\Design01.cydsn\codegentemp\Design01.ctl'.
Linking 'C:\Program Files (x86)\Cypress\PSoC Creator\4.1\PSoC Creator\psoc\content\CyPrimitives\cyprimitives.cylib\or_v1_0\or_v1_0.v'.
Linking 'C:\Users\Tacir_laptop\Desktop\School\Microcontrollers\Project\BLE Auto file\BLE_RCcar\Design01.cydsn\codegentemp\Design01.v'.
Linking 'C:\Program Files (x86)\Cypress\PSoC Creator\4.1\PSoC Creator\psoc\content\CyPrimitives\cyprimitives.cylib\cy_constant_v1_0\cy_constant_v1_0.v'.
Linking 'C:\Program Files (x86)\Cypress\PSoC Creator\4.1\PSoC Creator\psoc\content\CyComponentLibrary\CyComponentLibrary.cylib\B_PWM_v3_30\B_PWM_v3_30.v'.
Linking 'C:\Program Files (x86)\Cypress\PSoC Creator\4.1\PSoC Creator\warp\lib\common\cypress.v'.
Linking 'C:\Program Files (x86)\Cypress\PSoC Creator\4.1\PSoC Creator\warp\lib\common\cy_psoc3_inc.v'.
Linking 'C:\Program Files (x86)\Cypress\PSoC Creator\4.1\PSoC Creator\psoc\content\CyPrimitives\cyprimitives.cylib\cy_virtualmux_v1_0\cy_virtualmux_v1_0.v'.
Linking 'C:\Program Files (x86)\Cypress\PSoC Creator\4.1\PSoC Creator\psoc\content\CyPrimitives\cyprimitives.cylib\ZeroTerminal\ZeroTerminal.v'.
Linking 'C:\Program Files (x86)\Cypress\PSoC Creator\4.1\PSoC Creator\psoc\content\CyPrimitives\cyprimitives.cylib\not_v1_0\not_v1_0.v'.
Linking 'C:\Program Files (x86)\Cypress\PSoC Creator\4.1\PSoC Creator\warp\lib\common\stdlogic\cy_psoc3pkg.vif'.
Linking 'C:\Program Files (x86)\Cypress\PSoC Creator\4.1\PSoC Creator\warp\lib\common\stdlogic\cy_psoc3.vif'.
Linking 'C:\Program Files (x86)\Cypress\PSoC Creator\4.1\PSoC Creator\warp\lib\lcpsoc3\stdlogic\mod_cnst.vif'.
Linking 'C:\Program Files (x86)\Cypress\PSoC Creator\4.1\PSoC Creator\warp\lib\lcpsoc3\stdlogic\cpsoc3.vif'.

----------------------------------------------------------
Detecting unused logic.
----------------------------------------------------------
    User names
	Net_1
	\BLE:Net_55\
	\PWM:PWMUDB:km_run\
	\PWM:PWMUDB:ctrl_cmpmode2_2\
	\PWM:PWMUDB:ctrl_cmpmode2_1\
	\PWM:PWMUDB:ctrl_cmpmode2_0\
	\PWM:PWMUDB:ctrl_cmpmode1_2\
	\PWM:PWMUDB:ctrl_cmpmode1_1\
	\PWM:PWMUDB:ctrl_cmpmode1_0\
	\PWM:PWMUDB:capt_rising\
	\PWM:PWMUDB:capt_falling\
	\PWM:PWMUDB:trig_rise\
	\PWM:PWMUDB:trig_fall\
	\PWM:PWMUDB:sc_kill\
	\PWM:PWMUDB:min_kill\
	\PWM:PWMUDB:db_tc\
	\PWM:PWMUDB:dith_sel\
	\PWM:PWMUDB:compare2\
	Net_160
	Net_187
	Net_161
	\PWM:PWMUDB:MODULE_1:b_31\
	\PWM:PWMUDB:MODULE_1:b_30\
	\PWM:PWMUDB:MODULE_1:b_29\
	\PWM:PWMUDB:MODULE_1:b_28\
	\PWM:PWMUDB:MODULE_1:b_27\
	\PWM:PWMUDB:MODULE_1:b_26\
	\PWM:PWMUDB:MODULE_1:b_25\
	\PWM:PWMUDB:MODULE_1:b_24\
	\PWM:PWMUDB:MODULE_1:b_23\
	\PWM:PWMUDB:MODULE_1:b_22\
	\PWM:PWMUDB:MODULE_1:b_21\
	\PWM:PWMUDB:MODULE_1:b_20\
	\PWM:PWMUDB:MODULE_1:b_19\
	\PWM:PWMUDB:MODULE_1:b_18\
	\PWM:PWMUDB:MODULE_1:b_17\
	\PWM:PWMUDB:MODULE_1:b_16\
	\PWM:PWMUDB:MODULE_1:b_15\
	\PWM:PWMUDB:MODULE_1:b_14\
	\PWM:PWMUDB:MODULE_1:b_13\
	\PWM:PWMUDB:MODULE_1:b_12\
	\PWM:PWMUDB:MODULE_1:b_11\
	\PWM:PWMUDB:MODULE_1:b_10\
	\PWM:PWMUDB:MODULE_1:b_9\
	\PWM:PWMUDB:MODULE_1:b_8\
	\PWM:PWMUDB:MODULE_1:b_7\
	\PWM:PWMUDB:MODULE_1:b_6\
	\PWM:PWMUDB:MODULE_1:b_5\
	\PWM:PWMUDB:MODULE_1:b_4\
	\PWM:PWMUDB:MODULE_1:b_3\
	\PWM:PWMUDB:MODULE_1:b_2\
	\PWM:PWMUDB:MODULE_1:b_1\
	\PWM:PWMUDB:MODULE_1:b_0\
	\PWM:PWMUDB:MODULE_1:g2:a0:a_31\
	\PWM:PWMUDB:MODULE_1:g2:a0:a_30\
	\PWM:PWMUDB:MODULE_1:g2:a0:a_29\
	\PWM:PWMUDB:MODULE_1:g2:a0:a_28\
	\PWM:PWMUDB:MODULE_1:g2:a0:a_27\
	\PWM:PWMUDB:MODULE_1:g2:a0:a_26\
	\PWM:PWMUDB:MODULE_1:g2:a0:a_25\
	\PWM:PWMUDB:MODULE_1:g2:a0:a_24\
	\PWM:PWMUDB:MODULE_1:g2:a0:b_31\
	\PWM:PWMUDB:MODULE_1:g2:a0:b_30\
	\PWM:PWMUDB:MODULE_1:g2:a0:b_29\
	\PWM:PWMUDB:MODULE_1:g2:a0:b_28\
	\PWM:PWMUDB:MODULE_1:g2:a0:b_27\
	\PWM:PWMUDB:MODULE_1:g2:a0:b_26\
	\PWM:PWMUDB:MODULE_1:g2:a0:b_25\
	\PWM:PWMUDB:MODULE_1:g2:a0:b_24\
	\PWM:PWMUDB:MODULE_1:g2:a0:b_23\
	\PWM:PWMUDB:MODULE_1:g2:a0:b_22\
	\PWM:PWMUDB:MODULE_1:g2:a0:b_21\
	\PWM:PWMUDB:MODULE_1:g2:a0:b_20\
	\PWM:PWMUDB:MODULE_1:g2:a0:b_19\
	\PWM:PWMUDB:MODULE_1:g2:a0:b_18\
	\PWM:PWMUDB:MODULE_1:g2:a0:b_17\
	\PWM:PWMUDB:MODULE_1:g2:a0:b_16\
	\PWM:PWMUDB:MODULE_1:g2:a0:b_15\
	\PWM:PWMUDB:MODULE_1:g2:a0:b_14\
	\PWM:PWMUDB:MODULE_1:g2:a0:b_13\
	\PWM:PWMUDB:MODULE_1:g2:a0:b_12\
	\PWM:PWMUDB:MODULE_1:g2:a0:b_11\
	\PWM:PWMUDB:MODULE_1:g2:a0:b_10\
	\PWM:PWMUDB:MODULE_1:g2:a0:b_9\
	\PWM:PWMUDB:MODULE_1:g2:a0:b_8\
	\PWM:PWMUDB:MODULE_1:g2:a0:b_7\
	\PWM:PWMUDB:MODULE_1:g2:a0:b_6\
	\PWM:PWMUDB:MODULE_1:g2:a0:b_5\
	\PWM:PWMUDB:MODULE_1:g2:a0:b_4\
	\PWM:PWMUDB:MODULE_1:g2:a0:b_3\
	\PWM:PWMUDB:MODULE_1:g2:a0:b_2\
	\PWM:PWMUDB:MODULE_1:g2:a0:b_1\
	\PWM:PWMUDB:MODULE_1:g2:a0:b_0\
	\PWM:PWMUDB:MODULE_1:g2:a0:s_31\
	\PWM:PWMUDB:MODULE_1:g2:a0:s_30\
	\PWM:PWMUDB:MODULE_1:g2:a0:s_29\
	\PWM:PWMUDB:MODULE_1:g2:a0:s_28\
	\PWM:PWMUDB:MODULE_1:g2:a0:s_27\
	\PWM:PWMUDB:MODULE_1:g2:a0:s_26\
	\PWM:PWMUDB:MODULE_1:g2:a0:s_25\
	\PWM:PWMUDB:MODULE_1:g2:a0:s_24\
	\PWM:PWMUDB:MODULE_1:g2:a0:s_23\
	\PWM:PWMUDB:MODULE_1:g2:a0:s_22\
	\PWM:PWMUDB:MODULE_1:g2:a0:s_21\
	\PWM:PWMUDB:MODULE_1:g2:a0:s_20\
	\PWM:PWMUDB:MODULE_1:g2:a0:s_19\
	\PWM:PWMUDB:MODULE_1:g2:a0:s_18\
	\PWM:PWMUDB:MODULE_1:g2:a0:s_17\
	\PWM:PWMUDB:MODULE_1:g2:a0:s_16\
	\PWM:PWMUDB:MODULE_1:g2:a0:s_15\
	\PWM:PWMUDB:MODULE_1:g2:a0:s_14\
	\PWM:PWMUDB:MODULE_1:g2:a0:s_13\
	\PWM:PWMUDB:MODULE_1:g2:a0:s_12\
	\PWM:PWMUDB:MODULE_1:g2:a0:s_11\
	\PWM:PWMUDB:MODULE_1:g2:a0:s_10\
	\PWM:PWMUDB:MODULE_1:g2:a0:s_9\
	\PWM:PWMUDB:MODULE_1:g2:a0:s_8\
	\PWM:PWMUDB:MODULE_1:g2:a0:s_7\
	\PWM:PWMUDB:MODULE_1:g2:a0:s_6\
	\PWM:PWMUDB:MODULE_1:g2:a0:s_5\
	\PWM:PWMUDB:MODULE_1:g2:a0:s_4\
	\PWM:PWMUDB:MODULE_1:g2:a0:s_3\
	\PWM:PWMUDB:MODULE_1:g2:a0:s_2\
	\PWM:PWMUDB:MODULE_1:g2:a0:g1:z1:s0:g1:u0:c_31\
	\PWM:PWMUDB:MODULE_1:g2:a0:g1:z1:s0:g1:u0:c_30\
	\PWM:PWMUDB:MODULE_1:g2:a0:g1:z1:s0:g1:u0:c_29\
	\PWM:PWMUDB:MODULE_1:g2:a0:g1:z1:s0:g1:u0:c_28\
	\PWM:PWMUDB:MODULE_1:g2:a0:g1:z1:s0:g1:u0:c_27\
	\PWM:PWMUDB:MODULE_1:g2:a0:g1:z1:s0:g1:u0:c_26\
	\PWM:PWMUDB:MODULE_1:g2:a0:g1:z1:s0:g1:u0:c_25\
	\PWM:Net_139\
	\PWM:Net_138\
	\PWM:Net_183\
	\PWM:Net_181\

    Synthesized names
	\PWM:PWMUDB:add_vi_vv_MODGEN_1_31\
	\PWM:PWMUDB:add_vi_vv_MODGEN_1_30\
	\PWM:PWMUDB:add_vi_vv_MODGEN_1_29\
	\PWM:PWMUDB:add_vi_vv_MODGEN_1_28\
	\PWM:PWMUDB:add_vi_vv_MODGEN_1_27\
	\PWM:PWMUDB:add_vi_vv_MODGEN_1_26\
	\PWM:PWMUDB:add_vi_vv_MODGEN_1_25\
	\PWM:PWMUDB:add_vi_vv_MODGEN_1_24\
	\PWM:PWMUDB:add_vi_vv_MODGEN_1_23\
	\PWM:PWMUDB:add_vi_vv_MODGEN_1_22\
	\PWM:PWMUDB:add_vi_vv_MODGEN_1_21\
	\PWM:PWMUDB:add_vi_vv_MODGEN_1_20\
	\PWM:PWMUDB:add_vi_vv_MODGEN_1_19\
	\PWM:PWMUDB:add_vi_vv_MODGEN_1_18\
	\PWM:PWMUDB:add_vi_vv_MODGEN_1_17\
	\PWM:PWMUDB:add_vi_vv_MODGEN_1_16\
	\PWM:PWMUDB:add_vi_vv_MODGEN_1_15\
	\PWM:PWMUDB:add_vi_vv_MODGEN_1_14\
	\PWM:PWMUDB:add_vi_vv_MODGEN_1_13\
	\PWM:PWMUDB:add_vi_vv_MODGEN_1_12\
	\PWM:PWMUDB:add_vi_vv_MODGEN_1_11\
	\PWM:PWMUDB:add_vi_vv_MODGEN_1_10\
	\PWM:PWMUDB:add_vi_vv_MODGEN_1_9\
	\PWM:PWMUDB:add_vi_vv_MODGEN_1_8\
	\PWM:PWMUDB:add_vi_vv_MODGEN_1_7\
	\PWM:PWMUDB:add_vi_vv_MODGEN_1_6\
	\PWM:PWMUDB:add_vi_vv_MODGEN_1_5\
	\PWM:PWMUDB:add_vi_vv_MODGEN_1_4\
	\PWM:PWMUDB:add_vi_vv_MODGEN_1_3\
	\PWM:PWMUDB:add_vi_vv_MODGEN_1_2\

Deleted 134 User equations/components.
Deleted 30 Synthesized equations/components.

------------------------------------------------------
Alias Detection
------------------------------------------------------
Aliasing one to tmpOE__Blue_LED_net_0
Aliasing tmpOE__Forward_Pin_net_0 to tmpOE__Blue_LED_net_0
Aliasing \PWM:Net_180\ to zero
Aliasing \PWM:PWMUDB:hwCapture\ to zero
Aliasing \PWM:Net_178\ to zero
Aliasing \PWM:PWMUDB:trig_out\ to tmpOE__Blue_LED_net_0
Aliasing \PWM:PWMUDB:runmode_enable\\S\ to zero
Aliasing \PWM:Net_179\ to tmpOE__Blue_LED_net_0
Aliasing \PWM:PWMUDB:ltch_kill_reg\\R\ to \PWM:PWMUDB:runmode_enable\\R\
Aliasing \PWM:PWMUDB:ltch_kill_reg\\S\ to zero
Aliasing \PWM:PWMUDB:km_tc\ to zero
Aliasing \PWM:PWMUDB:min_kill_reg\\R\ to \PWM:PWMUDB:runmode_enable\\R\
Aliasing \PWM:PWMUDB:min_kill_reg\\S\ to zero
Aliasing \PWM:PWMUDB:final_kill\ to tmpOE__Blue_LED_net_0
Aliasing \PWM:PWMUDB:dith_count_1\\R\ to \PWM:PWMUDB:runmode_enable\\R\
Aliasing \PWM:PWMUDB:dith_count_1\\S\ to zero
Aliasing \PWM:PWMUDB:dith_count_0\\R\ to \PWM:PWMUDB:runmode_enable\\R\
Aliasing \PWM:PWMUDB:dith_count_0\\S\ to zero
Aliasing \PWM:PWMUDB:status_6\ to zero
Aliasing \PWM:PWMUDB:status_4\ to zero
Aliasing \PWM:PWMUDB:cmp2\ to zero
Aliasing \PWM:PWMUDB:cmp1_status_reg\\R\ to \PWM:PWMUDB:runmode_enable\\R\
Aliasing \PWM:PWMUDB:cmp1_status_reg\\S\ to zero
Aliasing \PWM:PWMUDB:cmp2_status_reg\\R\ to \PWM:PWMUDB:runmode_enable\\R\
Aliasing \PWM:PWMUDB:cmp2_status_reg\\S\ to zero
Aliasing \PWM:PWMUDB:final_kill_reg\\R\ to \PWM:PWMUDB:runmode_enable\\R\
Aliasing \PWM:PWMUDB:final_kill_reg\\S\ to zero
Aliasing \PWM:PWMUDB:cs_addr_0\ to \PWM:PWMUDB:runmode_enable\\R\
Aliasing \PWM:PWMUDB:pwm1_i\ to zero
Aliasing \PWM:PWMUDB:pwm2_i\ to zero
Aliasing \PWM:PWMUDB:MODULE_1:g2:a0:a_23\ to zero
Aliasing \PWM:PWMUDB:MODULE_1:g2:a0:a_22\ to zero
Aliasing \PWM:PWMUDB:MODULE_1:g2:a0:a_21\ to zero
Aliasing \PWM:PWMUDB:MODULE_1:g2:a0:a_20\ to zero
Aliasing \PWM:PWMUDB:MODULE_1:g2:a0:a_19\ to zero
Aliasing \PWM:PWMUDB:MODULE_1:g2:a0:a_18\ to zero
Aliasing \PWM:PWMUDB:MODULE_1:g2:a0:a_17\ to zero
Aliasing \PWM:PWMUDB:MODULE_1:g2:a0:a_16\ to zero
Aliasing \PWM:PWMUDB:MODULE_1:g2:a0:a_15\ to zero
Aliasing \PWM:PWMUDB:MODULE_1:g2:a0:a_14\ to zero
Aliasing \PWM:PWMUDB:MODULE_1:g2:a0:a_13\ to zero
Aliasing \PWM:PWMUDB:MODULE_1:g2:a0:a_12\ to zero
Aliasing \PWM:PWMUDB:MODULE_1:g2:a0:a_11\ to zero
Aliasing \PWM:PWMUDB:MODULE_1:g2:a0:a_10\ to zero
Aliasing \PWM:PWMUDB:MODULE_1:g2:a0:a_9\ to zero
Aliasing \PWM:PWMUDB:MODULE_1:g2:a0:a_8\ to zero
Aliasing \PWM:PWMUDB:MODULE_1:g2:a0:a_7\ to zero
Aliasing \PWM:PWMUDB:MODULE_1:g2:a0:a_6\ to zero
Aliasing \PWM:PWMUDB:MODULE_1:g2:a0:a_5\ to zero
Aliasing \PWM:PWMUDB:MODULE_1:g2:a0:a_4\ to zero
Aliasing \PWM:PWMUDB:MODULE_1:g2:a0:a_3\ to zero
Aliasing \PWM:PWMUDB:MODULE_1:g2:a0:a_2\ to zero
Aliasing \PWM:PWMUDB:MODULE_1:g2:a0:g1:z1:s0:g1:u0:b_0\ to tmpOE__Blue_LED_net_0
Aliasing Net_158 to zero
Aliasing tmpOE__Reverse_Pin_net_0 to tmpOE__Blue_LED_net_0
Aliasing tmpOE__Right_Pin_net_0 to tmpOE__Blue_LED_net_0
Aliasing tmpOE__Left_Pin_net_0 to tmpOE__Blue_LED_net_0
Aliasing \PWM:PWMUDB:prevCompare1\\D\ to \PWM:PWMUDB:pwm_temp\
Aliasing \PWM:PWMUDB:tc_i_reg\\D\ to \PWM:PWMUDB:status_2\
Removing Lhs of wire one[15] = tmpOE__Blue_LED_net_0[9]
Removing Lhs of wire tmpOE__Forward_Pin_net_0[18] = tmpOE__Blue_LED_net_0[9]
Removing Lhs of wire \PWM:Net_68\[26] = Net_159[354]
Removing Lhs of wire \PWM:PWMUDB:ctrl_enable\[37] = \PWM:PWMUDB:control_7\[29]
Removing Lhs of wire \PWM:Net_180\[45] = zero[14]
Removing Lhs of wire \PWM:PWMUDB:hwCapture\[48] = zero[14]
Removing Lhs of wire \PWM:PWMUDB:hwEnable\[49] = \PWM:PWMUDB:control_7\[29]
Removing Lhs of wire \PWM:Net_178\[51] = zero[14]
Removing Lhs of wire \PWM:PWMUDB:trig_out\[54] = tmpOE__Blue_LED_net_0[9]
Removing Lhs of wire \PWM:PWMUDB:runmode_enable\\R\[56] = \PWM:Net_186\[57]
Removing Lhs of wire \PWM:Net_186\[57] = zero[14]
Removing Lhs of wire \PWM:PWMUDB:runmode_enable\\S\[58] = zero[14]
Removing Lhs of wire \PWM:PWMUDB:final_enable\[59] = \PWM:PWMUDB:runmode_enable\[55]
Removing Lhs of wire \PWM:Net_179\[62] = tmpOE__Blue_LED_net_0[9]
Removing Lhs of wire \PWM:PWMUDB:ltch_kill_reg\\R\[64] = zero[14]
Removing Lhs of wire \PWM:PWMUDB:ltch_kill_reg\\S\[65] = zero[14]
Removing Lhs of wire \PWM:PWMUDB:km_tc\[66] = zero[14]
Removing Lhs of wire \PWM:PWMUDB:min_kill_reg\\R\[67] = zero[14]
Removing Lhs of wire \PWM:PWMUDB:min_kill_reg\\S\[68] = zero[14]
Removing Lhs of wire \PWM:PWMUDB:final_kill\[71] = tmpOE__Blue_LED_net_0[9]
Removing Lhs of wire \PWM:PWMUDB:add_vi_vv_MODGEN_1_1\[74] = \PWM:PWMUDB:MODULE_1:g2:a0:s_1\[313]
Removing Lhs of wire \PWM:PWMUDB:add_vi_vv_MODGEN_1_0\[76] = \PWM:PWMUDB:MODULE_1:g2:a0:s_0\[314]
Removing Lhs of wire \PWM:PWMUDB:dith_count_1\\R\[77] = zero[14]
Removing Lhs of wire \PWM:PWMUDB:dith_count_1\\S\[78] = zero[14]
Removing Lhs of wire \PWM:PWMUDB:dith_count_0\\R\[79] = zero[14]
Removing Lhs of wire \PWM:PWMUDB:dith_count_0\\S\[80] = zero[14]
Removing Lhs of wire \PWM:PWMUDB:status_6\[83] = zero[14]
Removing Rhs of wire \PWM:PWMUDB:status_5\[84] = \PWM:PWMUDB:final_kill_reg\[98]
Removing Lhs of wire \PWM:PWMUDB:status_4\[85] = zero[14]
Removing Rhs of wire \PWM:PWMUDB:status_3\[86] = \PWM:PWMUDB:fifo_full\[105]
Removing Rhs of wire \PWM:PWMUDB:status_1\[88] = \PWM:PWMUDB:cmp2_status_reg\[97]
Removing Rhs of wire \PWM:PWMUDB:status_0\[89] = \PWM:PWMUDB:cmp1_status_reg\[96]
Removing Lhs of wire \PWM:PWMUDB:cmp2_status\[94] = zero[14]
Removing Lhs of wire \PWM:PWMUDB:cmp2\[95] = zero[14]
Removing Lhs of wire \PWM:PWMUDB:cmp1_status_reg\\R\[99] = zero[14]
Removing Lhs of wire \PWM:PWMUDB:cmp1_status_reg\\S\[100] = zero[14]
Removing Lhs of wire \PWM:PWMUDB:cmp2_status_reg\\R\[101] = zero[14]
Removing Lhs of wire \PWM:PWMUDB:cmp2_status_reg\\S\[102] = zero[14]
Removing Lhs of wire \PWM:PWMUDB:final_kill_reg\\R\[103] = zero[14]
Removing Lhs of wire \PWM:PWMUDB:final_kill_reg\\S\[104] = zero[14]
Removing Lhs of wire \PWM:PWMUDB:cs_addr_2\[106] = \PWM:PWMUDB:tc_i\[61]
Removing Lhs of wire \PWM:PWMUDB:cs_addr_1\[107] = \PWM:PWMUDB:runmode_enable\[55]
Removing Lhs of wire \PWM:PWMUDB:cs_addr_0\[108] = zero[14]
Removing Lhs of wire \PWM:PWMUDB:compare1\[141] = \PWM:PWMUDB:cmp1_less\[112]
Removing Lhs of wire \PWM:PWMUDB:pwm1_i\[146] = zero[14]
Removing Lhs of wire \PWM:PWMUDB:pwm2_i\[148] = zero[14]
Removing Rhs of wire Net_74[151] = \PWM:PWMUDB:pwm_i_reg\[143]
Removing Lhs of wire \PWM:PWMUDB:pwm_temp\[154] = \PWM:PWMUDB:cmp1\[92]
Removing Lhs of wire \PWM:PWMUDB:MODULE_1:g2:a0:a_23\[195] = zero[14]
Removing Lhs of wire \PWM:PWMUDB:MODULE_1:g2:a0:a_22\[196] = zero[14]
Removing Lhs of wire \PWM:PWMUDB:MODULE_1:g2:a0:a_21\[197] = zero[14]
Removing Lhs of wire \PWM:PWMUDB:MODULE_1:g2:a0:a_20\[198] = zero[14]
Removing Lhs of wire \PWM:PWMUDB:MODULE_1:g2:a0:a_19\[199] = zero[14]
Removing Lhs of wire \PWM:PWMUDB:MODULE_1:g2:a0:a_18\[200] = zero[14]
Removing Lhs of wire \PWM:PWMUDB:MODULE_1:g2:a0:a_17\[201] = zero[14]
Removing Lhs of wire \PWM:PWMUDB:MODULE_1:g2:a0:a_16\[202] = zero[14]
Removing Lhs of wire \PWM:PWMUDB:MODULE_1:g2:a0:a_15\[203] = zero[14]
Removing Lhs of wire \PWM:PWMUDB:MODULE_1:g2:a0:a_14\[204] = zero[14]
Removing Lhs of wire \PWM:PWMUDB:MODULE_1:g2:a0:a_13\[205] = zero[14]
Removing Lhs of wire \PWM:PWMUDB:MODULE_1:g2:a0:a_12\[206] = zero[14]
Removing Lhs of wire \PWM:PWMUDB:MODULE_1:g2:a0:a_11\[207] = zero[14]
Removing Lhs of wire \PWM:PWMUDB:MODULE_1:g2:a0:a_10\[208] = zero[14]
Removing Lhs of wire \PWM:PWMUDB:MODULE_1:g2:a0:a_9\[209] = zero[14]
Removing Lhs of wire \PWM:PWMUDB:MODULE_1:g2:a0:a_8\[210] = zero[14]
Removing Lhs of wire \PWM:PWMUDB:MODULE_1:g2:a0:a_7\[211] = zero[14]
Removing Lhs of wire \PWM:PWMUDB:MODULE_1:g2:a0:a_6\[212] = zero[14]
Removing Lhs of wire \PWM:PWMUDB:MODULE_1:g2:a0:a_5\[213] = zero[14]
Removing Lhs of wire \PWM:PWMUDB:MODULE_1:g2:a0:a_4\[214] = zero[14]
Removing Lhs of wire \PWM:PWMUDB:MODULE_1:g2:a0:a_3\[215] = zero[14]
Removing Lhs of wire \PWM:PWMUDB:MODULE_1:g2:a0:a_2\[216] = zero[14]
Removing Lhs of wire \PWM:PWMUDB:MODULE_1:g2:a0:a_1\[217] = \PWM:PWMUDB:MODIN1_1\[218]
Removing Lhs of wire \PWM:PWMUDB:MODIN1_1\[218] = \PWM:PWMUDB:dith_count_1\[73]
Removing Lhs of wire \PWM:PWMUDB:MODULE_1:g2:a0:a_0\[219] = \PWM:PWMUDB:MODIN1_0\[220]
Removing Lhs of wire \PWM:PWMUDB:MODIN1_0\[220] = \PWM:PWMUDB:dith_count_0\[75]
Removing Lhs of wire \PWM:PWMUDB:MODULE_1:g2:a0:g1:z1:s0:g1:u0:c_0\[352] = tmpOE__Blue_LED_net_0[9]
Removing Lhs of wire \PWM:PWMUDB:MODULE_1:g2:a0:g1:z1:s0:g1:u0:b_0\[353] = tmpOE__Blue_LED_net_0[9]
Removing Lhs of wire Net_158[360] = zero[14]
Removing Lhs of wire tmpOE__Reverse_Pin_net_0[363] = tmpOE__Blue_LED_net_0[9]
Removing Lhs of wire tmpOE__Right_Pin_net_0[369] = tmpOE__Blue_LED_net_0[9]
Removing Lhs of wire tmpOE__Left_Pin_net_0[375] = tmpOE__Blue_LED_net_0[9]
Removing Lhs of wire \PWM:PWMUDB:prevCapture\\D\[381] = zero[14]
Removing Lhs of wire \PWM:PWMUDB:trig_last\\D\[382] = zero[14]
Removing Lhs of wire \PWM:PWMUDB:prevCompare1\\D\[388] = \PWM:PWMUDB:cmp1\[92]
Removing Lhs of wire \PWM:PWMUDB:cmp1_status_reg\\D\[389] = \PWM:PWMUDB:cmp1_status\[93]
Removing Lhs of wire \PWM:PWMUDB:cmp2_status_reg\\D\[390] = zero[14]
Removing Lhs of wire \PWM:PWMUDB:pwm_i_reg\\D\[392] = \PWM:PWMUDB:pwm_i\[144]
Removing Lhs of wire \PWM:PWMUDB:pwm1_i_reg\\D\[393] = zero[14]
Removing Lhs of wire \PWM:PWMUDB:pwm2_i_reg\\D\[394] = zero[14]
Removing Lhs of wire \PWM:PWMUDB:tc_i_reg\\D\[395] = \PWM:PWMUDB:status_2\[87]

------------------------------------------------------
Aliased 0 equations, 89 wires.
------------------------------------------------------

----------------------------------------------------------
Circuit simplification
----------------------------------------------------------

Substituting virtuals - pass 1:

Note:  Expanding virtual equation for 'tmpOE__Blue_LED_net_0' (cost = 0):
tmpOE__Blue_LED_net_0 <=  ('1') ;

Note:  Expanding virtual equation for 'zero' (cost = 0):
zero <=  ('0') ;

Note:  Expanding virtual equation for '\PWM:PWMUDB:cmp1\' (cost = 0):
\PWM:PWMUDB:cmp1\ <= (\PWM:PWMUDB:cmp1_less\);

Note:  Expanding virtual equation for '\PWM:PWMUDB:MODULE_1:g2:a0:g1:z1:s0:g1:u0:c_1\' (cost = 0):
\PWM:PWMUDB:MODULE_1:g2:a0:g1:z1:s0:g1:u0:c_1\ <= (\PWM:PWMUDB:dith_count_0\);

Note:  Expanding virtual equation for '\PWM:PWMUDB:MODULE_1:g2:a0:s_0\' (cost = 0):
\PWM:PWMUDB:MODULE_1:g2:a0:s_0\ <= (not \PWM:PWMUDB:dith_count_0\);

Note:  Expanding virtual equation for '\PWM:PWMUDB:MODULE_1:g2:a0:g1:z1:s0:g1:u0:c_17\' (cost = 0):
\PWM:PWMUDB:MODULE_1:g2:a0:g1:z1:s0:g1:u0:c_17\ <=  ('0') ;

Note:  Expanding virtual equation for '\PWM:PWMUDB:MODULE_1:g2:a0:g1:z1:s0:g1:u0:c_9\' (cost = 0):
\PWM:PWMUDB:MODULE_1:g2:a0:g1:z1:s0:g1:u0:c_9\ <=  ('0') ;

Note:  Expanding virtual equation for '\PWM:PWMUDB:MODULE_1:g2:a0:g1:z1:s0:g1:u0:c_2\' (cost = 0):
\PWM:PWMUDB:MODULE_1:g2:a0:g1:z1:s0:g1:u0:c_2\ <= ((\PWM:PWMUDB:dith_count_1\ and \PWM:PWMUDB:dith_count_0\));


Substituting virtuals - pass 2:

Note:  Expanding virtual equation for '\PWM:PWMUDB:MODULE_1:g2:a0:s_1\' (cost = 2):
\PWM:PWMUDB:MODULE_1:g2:a0:s_1\ <= ((not \PWM:PWMUDB:dith_count_0\ and \PWM:PWMUDB:dith_count_1\)
	OR (not \PWM:PWMUDB:dith_count_1\ and \PWM:PWMUDB:dith_count_0\));

Note:  Expanding virtual equation for '\PWM:PWMUDB:MODULE_1:g2:a0:g1:z1:s0:g1:u0:c_18\' (cost = 0):
\PWM:PWMUDB:MODULE_1:g2:a0:g1:z1:s0:g1:u0:c_18\ <=  ('0') ;

Note:  Expanding virtual equation for '\PWM:PWMUDB:MODULE_1:g2:a0:g1:z1:s0:g1:u0:c_10\' (cost = 0):
\PWM:PWMUDB:MODULE_1:g2:a0:g1:z1:s0:g1:u0:c_10\ <=  ('0') ;

Note:  Expanding virtual equation for '\PWM:PWMUDB:MODULE_1:g2:a0:g1:z1:s0:g1:u0:c_3\' (cost = 0):
\PWM:PWMUDB:MODULE_1:g2:a0:g1:z1:s0:g1:u0:c_3\ <=  ('0') ;


Substituting virtuals - pass 3:

Note:  Expanding virtual equation for '\PWM:PWMUDB:MODULE_1:g2:a0:g1:z1:s0:g1:u0:c_19\' (cost = 0):
\PWM:PWMUDB:MODULE_1:g2:a0:g1:z1:s0:g1:u0:c_19\ <=  ('0') ;

Note:  Expanding virtual equation for '\PWM:PWMUDB:MODULE_1:g2:a0:g1:z1:s0:g1:u0:c_11\' (cost = 0):
\PWM:PWMUDB:MODULE_1:g2:a0:g1:z1:s0:g1:u0:c_11\ <=  ('0') ;

Note:  Expanding virtual equation for '\PWM:PWMUDB:MODULE_1:g2:a0:g1:z1:s0:g1:u0:c_4\' (cost = 0):
\PWM:PWMUDB:MODULE_1:g2:a0:g1:z1:s0:g1:u0:c_4\ <=  ('0') ;


Substituting virtuals - pass 4:

Note:  Expanding virtual equation for '\PWM:PWMUDB:MODULE_1:g2:a0:g1:z1:s0:g1:u0:c_20\' (cost = 0):
\PWM:PWMUDB:MODULE_1:g2:a0:g1:z1:s0:g1:u0:c_20\ <=  ('0') ;

Note:  Expanding virtual equation for '\PWM:PWMUDB:MODULE_1:g2:a0:g1:z1:s0:g1:u0:c_12\' (cost = 0):
\PWM:PWMUDB:MODULE_1:g2:a0:g1:z1:s0:g1:u0:c_12\ <=  ('0') ;

Note:  Expanding virtual equation for '\PWM:PWMUDB:MODULE_1:g2:a0:g1:z1:s0:g1:u0:c_5\' (cost = 0):
\PWM:PWMUDB:MODULE_1:g2:a0:g1:z1:s0:g1:u0:c_5\ <=  ('0') ;


Substituting virtuals - pass 5:

Note:  Expanding virtual equation for '\PWM:PWMUDB:MODULE_1:g2:a0:g1:z1:s0:g1:u0:c_21\' (cost = 0):
\PWM:PWMUDB:MODULE_1:g2:a0:g1:z1:s0:g1:u0:c_21\ <=  ('0') ;

Note:  Expanding virtual equation for '\PWM:PWMUDB:MODULE_1:g2:a0:g1:z1:s0:g1:u0:c_13\' (cost = 0):
\PWM:PWMUDB:MODULE_1:g2:a0:g1:z1:s0:g1:u0:c_13\ <=  ('0') ;

Note:  Expanding virtual equation for '\PWM:PWMUDB:MODULE_1:g2:a0:g1:z1:s0:g1:u0:c_6\' (cost = 0):
\PWM:PWMUDB:MODULE_1:g2:a0:g1:z1:s0:g1:u0:c_6\ <=  ('0') ;


Substituting virtuals - pass 6:

Note:  Expanding virtual equation for '\PWM:PWMUDB:MODULE_1:g2:a0:g1:z1:s0:g1:u0:c_22\' (cost = 0):
\PWM:PWMUDB:MODULE_1:g2:a0:g1:z1:s0:g1:u0:c_22\ <=  ('0') ;

Note:  Expanding virtual equation for '\PWM:PWMUDB:MODULE_1:g2:a0:g1:z1:s0:g1:u0:c_14\' (cost = 0):
\PWM:PWMUDB:MODULE_1:g2:a0:g1:z1:s0:g1:u0:c_14\ <=  ('0') ;

Note:  Expanding virtual equation for '\PWM:PWMUDB:MODULE_1:g2:a0:g1:z1:s0:g1:u0:c_7\' (cost = 0):
\PWM:PWMUDB:MODULE_1:g2:a0:g1:z1:s0:g1:u0:c_7\ <=  ('0') ;


Substituting virtuals - pass 7:

Note:  Expanding virtual equation for '\PWM:PWMUDB:MODULE_1:g2:a0:g1:z1:s0:g1:u0:c_23\' (cost = 0):
\PWM:PWMUDB:MODULE_1:g2:a0:g1:z1:s0:g1:u0:c_23\ <=  ('0') ;

Note:  Expanding virtual equation for '\PWM:PWMUDB:MODULE_1:g2:a0:g1:z1:s0:g1:u0:c_15\' (cost = 0):
\PWM:PWMUDB:MODULE_1:g2:a0:g1:z1:s0:g1:u0:c_15\ <=  ('0') ;


Substituting virtuals - pass 8:


----------------------------------------------------------
Circuit simplification results:

	Expanded 26 signals.
	Turned 0 signals into soft nodes.
	Maximum default expansion cost was set at 3.
----------------------------------------------------------

------------------------------------------------------
Alias Detection
------------------------------------------------------
Aliasing \PWM:PWMUDB:final_capture\ to zero
Aliasing \PWM:PWMUDB:MODULE_1:g2:a0:g1:z1:s0:g1:u0:b_24\ to zero
Aliasing \PWM:PWMUDB:MODULE_1:g2:a0:g1:z1:s0:g1:u0:b_16\ to zero
Aliasing \PWM:PWMUDB:MODULE_1:g2:a0:g1:z1:s0:g1:u0:b_8\ to zero
Aliasing \PWM:PWMUDB:min_kill_reg\\D\ to tmpOE__Blue_LED_net_0
Aliasing \PWM:PWMUDB:ltch_kill_reg\\D\ to tmpOE__Blue_LED_net_0
Aliasing \PWM:PWMUDB:final_kill_reg\\D\ to zero
Removing Lhs of wire \PWM:PWMUDB:final_capture\[110] = zero[14]
Removing Lhs of wire \PWM:PWMUDB:MODULE_1:g2:a0:g1:z1:s0:g1:u0:b_24\[323] = zero[14]
Removing Lhs of wire \PWM:PWMUDB:MODULE_1:g2:a0:g1:z1:s0:g1:u0:b_16\[333] = zero[14]
Removing Lhs of wire \PWM:PWMUDB:MODULE_1:g2:a0:g1:z1:s0:g1:u0:b_8\[343] = zero[14]
Removing Lhs of wire \PWM:PWMUDB:min_kill_reg\\D\[380] = tmpOE__Blue_LED_net_0[9]
Removing Lhs of wire \PWM:PWMUDB:runmode_enable\\D\[383] = \PWM:PWMUDB:control_7\[29]
Removing Lhs of wire \PWM:PWMUDB:ltch_kill_reg\\D\[385] = tmpOE__Blue_LED_net_0[9]
Removing Lhs of wire \PWM:PWMUDB:final_kill_reg\\D\[391] = zero[14]

------------------------------------------------------
Aliased 0 equations, 8 wires.
------------------------------------------------------

----------------------------------------------------------
Circuit simplification
----------------------------------------------------------

Eliminating unused logic - pass 1:


Eliminating unused logic - pass 2:


Substituting virtuals - pass 1:


----------------------------------------------------------
Circuit simplification results:

	Expanded 0 signals.
	Turned 0 signals into soft nodes.
	Maximum default expansion cost was set at 3.
----------------------------------------------------------

topld:  No errors.

CYPRESS_DIR    : C:\Program Files (x86)\Cypress\PSoC Creator\4.1\PSoC Creator\warp
Warp Program   : C:\Program Files (x86)\Cypress\PSoC Creator\4.1\PSoC Creator\warp\bin\warp.exe
Warp Arguments : -yv2 -q10 -ygs -o2 -v3 -.fftcfgtype=LE -ya "-.fftprj=C:\Users\Tacir_laptop\Desktop\School\Microcontrollers\Project\BLE Auto file\BLE_RCcar\Design01.cydsn\Design01.cyprj" -dcpsoc3 Design01.v -verilog
</CYPRESSTAG>
Warp synthesis phase: Elapsed time ==> 1s.798ms
<CYPRESSTAG name="Fitter results...">
<CYPRESSTAG name="Fitter startup details...">
cyp3fit: V4.1.0.3210, Family: PSoC3, Started at: Thursday, 07 December 2017 12:51:15
Options: -yv2 -q10 -ygs -o2 -v3 -.fftcfgtype=LE -ya -.fftprj=C:\Users\Tacir_laptop\Desktop\School\Microcontrollers\Project\BLE Auto file\BLE_RCcar\Design01.cydsn\Design01.cyprj -d CY8C4247LQI-BL483 Design01.v -verilog
</CYPRESSTAG>
<CYPRESSTAG name="Design parsing">
Design parsing phase: Elapsed time ==> 0s.020ms
</CYPRESSTAG>
<CYPRESSTAG name="Tech Mapping">
<CYPRESSTAG name="Initial Mapping" icon="FILE_RPT_TECHM">
    Removed wire end \PWM:PWMUDB:MODULE_1:g2:a0:g1:z1:s0:g1:u0:c_24\ kept zero
    Removed wire end \PWM:PWMUDB:MODULE_1:g2:a0:g1:z1:s0:g1:u0:c_16\ kept zero
    Removed wire end \PWM:PWMUDB:MODULE_1:g2:a0:g1:z1:s0:g1:u0:c_8\ kept zero
    Converted constant MacroCell: \PWM:PWMUDB:prevCapture\ from registered to combinatorial
    Converted constant MacroCell: \PWM:PWMUDB:trig_last\ from registered to combinatorial
    Converted constant MacroCell: \PWM:PWMUDB:status_1\ from registered to combinatorial
    Converted constant MacroCell: \PWM:PWMUDB:status_5\ from registered to combinatorial
    Converted constant MacroCell: \PWM:PWMUDB:pwm1_i_reg\ from registered to combinatorial
    Converted constant MacroCell: \PWM:PWMUDB:pwm2_i_reg\ from registered to combinatorial
Assigning clock BLE_LFCLK to clock LFClk because it is a pass-through

Removing unused cells resulting from optimization
Done removing unused cells.
<CYPRESSTAG name="Global Clock Selection" icon="FILE_RPT_TECHM">
    Digital Clock 0: Automatic-assigning  clock 'Clock_1'. Fanout=1, Signal=Net_159_digital
<CYPRESSTAG name="UDB Clock/Enable Remapping Results">
    UDB Clk/Enable \PWM:PWMUDB:clock_enable_block\: with output requested to be synchronous
        ClockIn: ClockGenBlock:m0s8clockgenblockcell.gen_clk_out_0 was determined to be a global clock that is synchronous to HFClk
        EnableIn: Constant 1 was determined to be synchronous to ClockIn
        ClockOut: ClockGenBlock:m0s8clockgenblockcell.gen_clk_out_0, EnableOut: Constant 1
</CYPRESSTAG>
</CYPRESSTAG>

Removing unused cells resulting from optimization
Done removing unused cells.

Removing unused cells resulting from optimization
Done removing unused cells.
<CYPRESSTAG name="Duplicate Macrocell detection">
</CYPRESSTAG>
</CYPRESSTAG>
<CYPRESSTAG name="Duplicate Macrocell detection">

Removing unused cells resulting from optimization
Done removing unused cells.
</CYPRESSTAG>
<CYPRESSTAG name="Design Equations" icon="FILE_RPT_EQUATION">

------------------------------------------------------------
Design Equations
------------------------------------------------------------
    <CYPRESSTAG name="Pin listing">

    ------------------------------------------------------------
    Pin listing
    ------------------------------------------------------------

    Pin : Name = Blue_LED(0)
        Attributes:
            In Group/Port: True
            In Sync Option: AUTO
            Out Sync Option: NOSYNC
            Interrupt generated: False
            Interrupt mode: NONE
            Drive mode: CMOS_OUT
            VTrip: EITHER
            Slew: FAST
            Input Sync needed: False
            Output Sync needed: False
            SC shield enabled: False
            POR State: ANY
            LCD Mode: COMMON
            Register Mode: RegComb
            CaSense Mode: NEITHER
            Treat as pin: True
            Is OE Registered: False
            Uses Analog: False
            Can contain Digital: True
            Is SIO: False
            SIO Output Buf: NONREGULATED
            SIO Input Buf: SINGLE_ENDED
            SIO HiFreq: LOW
            SIO Hyst: DISABLED
            SIO Vtrip: MULTIPLIER_0_5
            SIO Multiplier Index: 0
            SIO RefSel: VCC_IO
            Required Capabilities: DIGITAL, ROUTABLE
            Initial Value: 1
            IO Voltage: 0
        PORT MAP (
            pa_out => Blue_LED(0)__PA ,
            pin_input => Net_144 ,
            pad => Blue_LED(0)_PAD );
        Properties:
        {
        }

    Pin : Name = Forward_Pin(0)
        Attributes:
            In Group/Port: True
            In Sync Option: AUTO
            Out Sync Option: NOSYNC
            Interrupt generated: False
            Interrupt mode: NONE
            Drive mode: CMOS_OUT
            VTrip: EITHER
            Slew: FAST
            Input Sync needed: False
            Output Sync needed: False
            SC shield enabled: False
            POR State: ANY
            LCD Mode: COMMON
            Register Mode: RegComb
            CaSense Mode: NEITHER
            Treat as pin: True
            Is OE Registered: False
            Uses Analog: False
            Can contain Digital: True
            Is SIO: False
            SIO Output Buf: NONREGULATED
            SIO Input Buf: SINGLE_ENDED
            SIO HiFreq: LOW
            SIO Hyst: DISABLED
            SIO Vtrip: MULTIPLIER_0_5
            SIO Multiplier Index: 0
            SIO RefSel: VCC_IO
            Required Capabilities: DIGITAL
            Initial Value: 0
            IO Voltage: 0
        PORT MAP (
            pa_out => Forward_Pin(0)__PA ,
            pad => Forward_Pin(0)_PAD );
        Properties:
        {
        }

    Pin : Name = Reverse_Pin(0)
        Attributes:
            In Group/Port: True
            In Sync Option: AUTO
            Out Sync Option: NOSYNC
            Interrupt generated: False
            Interrupt mode: NONE
            Drive mode: CMOS_OUT
            VTrip: EITHER
            Slew: FAST
            Input Sync needed: False
            Output Sync needed: False
            SC shield enabled: False
            POR State: ANY
            LCD Mode: COMMON
            Register Mode: RegComb
            CaSense Mode: NEITHER
            Treat as pin: True
            Is OE Registered: False
            Uses Analog: False
            Can contain Digital: True
            Is SIO: False
            SIO Output Buf: NONREGULATED
            SIO Input Buf: SINGLE_ENDED
            SIO HiFreq: LOW
            SIO Hyst: DISABLED
            SIO Vtrip: MULTIPLIER_0_5
            SIO Multiplier Index: 0
            SIO RefSel: VCC_IO
            Required Capabilities: DIGITAL
            Initial Value: 0
            IO Voltage: 0
        PORT MAP (
            pa_out => Reverse_Pin(0)__PA ,
            pad => Reverse_Pin(0)_PAD );
        Properties:
        {
        }

    Pin : Name = Right_Pin(0)
        Attributes:
            In Group/Port: True
            In Sync Option: AUTO
            Out Sync Option: NOSYNC
            Interrupt generated: False
            Interrupt mode: NONE
            Drive mode: CMOS_OUT
            VTrip: EITHER
            Slew: FAST
            Input Sync needed: False
            Output Sync needed: False
            SC shield enabled: False
            POR State: ANY
            LCD Mode: COMMON
            Register Mode: RegComb
            CaSense Mode: NEITHER
            Treat as pin: True
            Is OE Registered: False
            Uses Analog: False
            Can contain Digital: True
            Is SIO: False
            SIO Output Buf: NONREGULATED
            SIO Input Buf: SINGLE_ENDED
            SIO HiFreq: LOW
            SIO Hyst: DISABLED
            SIO Vtrip: MULTIPLIER_0_5
            SIO Multiplier Index: 0
            SIO RefSel: VCC_IO
            Required Capabilities: DIGITAL
            Initial Value: 0
            IO Voltage: 0
        PORT MAP (
            pa_out => Right_Pin(0)__PA ,
            pad => Right_Pin(0)_PAD );
        Properties:
        {
        }

    Pin : Name = Left_Pin(0)
        Attributes:
            In Group/Port: True
            In Sync Option: AUTO
            Out Sync Option: NOSYNC
            Interrupt generated: False
            Interrupt mode: NONE
            Drive mode: CMOS_OUT
            VTrip: EITHER
            Slew: FAST
            Input Sync needed: False
            Output Sync needed: False
            SC shield enabled: False
            POR State: ANY
            LCD Mode: COMMON
            Register Mode: RegComb
            CaSense Mode: NEITHER
            Treat as pin: True
            Is OE Registered: False
            Uses Analog: False
            Can contain Digital: True
            Is SIO: False
            SIO Output Buf: NONREGULATED
            SIO Input Buf: SINGLE_ENDED
            SIO HiFreq: LOW
            SIO Hyst: DISABLED
            SIO Vtrip: MULTIPLIER_0_5
            SIO Multiplier Index: 0
            SIO RefSel: VCC_IO
            Required Capabilities: DIGITAL
            Initial Value: 0
            IO Voltage: 0
        PORT MAP (
            pa_out => Left_Pin(0)__PA ,
            pad => Left_Pin(0)_PAD );
        Properties:
        {
        }
    </CYPRESSTAG>
    <CYPRESSTAG name="Macrocell listing" icon="FILE_RPT_EQUATION">

    ------------------------------------------------------------
    Macrocell listing
    ------------------------------------------------------------

    MacroCell: Name=\PWM:PWMUDB:status_2\, Mode=(Combinatorial)
        Total # of inputs        : 2
        Total # of product terms : 1
            Clock Enable: True
        Main Equation            : 1 pterm
        (
              \PWM:PWMUDB:runmode_enable\ * \PWM:PWMUDB:tc_i\
        );
        Output = \PWM:PWMUDB:status_2\ (fanout=1)

    MacroCell: Name=Net_144, Mode=(Combinatorial)
        Total # of inputs        : 1
        Total # of product terms : 1
            Clock Enable: True
        Main Equation            : 1 pterm
        (
              !Net_74
        );
        Output = Net_144 (fanout=1)

    MacroCell: Name=\PWM:PWMUDB:runmode_enable\, Mode=(D-Register)
        Total # of inputs        : 1
        Total # of product terms : 1
        List of special equations: 
            Clock  = (Net_159_digital) => Global
            Clock Enable: True
        Main Equation            : 1 pterm
        (
              \PWM:PWMUDB:control_7\
        );
        Output = \PWM:PWMUDB:runmode_enable\ (fanout=3)

    MacroCell: Name=\PWM:PWMUDB:prevCompare1\, Mode=(D-Register)
        Total # of inputs        : 1
        Total # of product terms : 1
        List of special equations: 
            Clock  = (Net_159_digital) => Global
            Clock Enable: True
        Main Equation            : 1 pterm
        (
              \PWM:PWMUDB:cmp1_less\
        );
        Output = \PWM:PWMUDB:prevCompare1\ (fanout=1)

    MacroCell: Name=\PWM:PWMUDB:status_0\, Mode=(D-Register)
        Total # of inputs        : 2
        Total # of product terms : 1
        List of special equations: 
            Clock  = (Net_159_digital) => Global
            Clock Enable: True
        Main Equation            : 1 pterm
        (
              !\PWM:PWMUDB:prevCompare1\ * \PWM:PWMUDB:cmp1_less\
        );
        Output = \PWM:PWMUDB:status_0\ (fanout=1)

    MacroCell: Name=Net_74, Mode=(D-Register)
        Total # of inputs        : 2
        Total # of product terms : 1
        List of special equations: 
            Clock  = (Net_159_digital) => Global
            Clock Enable: True
        Main Equation            : 1 pterm
        (
              \PWM:PWMUDB:runmode_enable\ * \PWM:PWMUDB:cmp1_less\
        );
        Output = Net_74 (fanout=1)
    </CYPRESSTAG>
    <CYPRESSTAG name="Datapath listing">

    ------------------------------------------------------------
    Datapath listing
    ------------------------------------------------------------

    datapathcell: Name =\PWM:PWMUDB:sP8:pwmdp:u0\
        PORT MAP (
            clock => Net_159_digital ,
            cs_addr_2 => \PWM:PWMUDB:tc_i\ ,
            cs_addr_1 => \PWM:PWMUDB:runmode_enable\ ,
            cl0_comb => \PWM:PWMUDB:cmp1_less\ ,
            z0_comb => \PWM:PWMUDB:tc_i\ ,
            f1_blk_stat_comb => \PWM:PWMUDB:status_3\ );
        Properties:
        {
            a0_init = "00000000"
            a1_init = "00000000"
            ce0_sync = 1
            ce1_sync = 1
            cl0_sync = 1
            cl1_sync = 1
            cmsb_sync = 1
            co_msb_sync = 1
            cy_dpconfig = "0000000001000000000000001100000001000000010000000000000011000000000000001100000000000000110000000000000011000000000000001100000011111111000000001111111111111111101000000000000000000100000000000000000000011000"
            d0_init = "00000000"
            d1_init = "00000000"
            f0_blk_sync = 1
            f0_bus_sync = 1
            f1_blk_sync = 1
            f1_bus_sync = 1
            ff0_sync = 1
            ff1_sync = 1
            ov_msb_sync = 1
            so_sync = 1
            z0_sync = 1
            z1_sync = 1
        }
        Clock Polarity: Active High
        Clock Enable: True
    </CYPRESSTAG>
    <CYPRESSTAG name="Status register listing">
    </CYPRESSTAG>
    <CYPRESSTAG name="StatusI register listing">

    ------------------------------------------------------------
    StatusI register listing
    ------------------------------------------------------------

    statusicell: Name =\PWM:PWMUDB:genblk8:stsreg\
        PORT MAP (
            clock => Net_159_digital ,
            status_3 => \PWM:PWMUDB:status_3\ ,
            status_2 => \PWM:PWMUDB:status_2\ ,
            status_0 => \PWM:PWMUDB:status_0\ );
        Properties:
        {
            cy_force_order = 1
            cy_int_mask = "1111111"
            cy_md_select = "0100111"
        }
        Clock Polarity: Active High
        Clock Enable: True
    </CYPRESSTAG>
    <CYPRESSTAG name="Sync listing">
    </CYPRESSTAG>
    <CYPRESSTAG name="Control register listing">

    ------------------------------------------------------------
    Control register listing
    ------------------------------------------------------------

    controlcell: Name =\PWM:PWMUDB:genblk1:ctrlreg\
        PORT MAP (
            clock => Net_159_digital ,
            control_7 => \PWM:PWMUDB:control_7\ ,
            control_6 => \PWM:PWMUDB:control_6\ ,
            control_5 => \PWM:PWMUDB:control_5\ ,
            control_4 => \PWM:PWMUDB:control_4\ ,
            control_3 => \PWM:PWMUDB:control_3\ ,
            control_2 => \PWM:PWMUDB:control_2\ ,
            control_1 => \PWM:PWMUDB:control_1\ ,
            control_0 => \PWM:PWMUDB:control_0\ );
        Properties:
        {
            cy_ctrl_mode_0 = "11111111"
            cy_ctrl_mode_1 = "00000000"
            cy_ext_reset = 0
            cy_force_order = 1
            cy_init_value = "00000000"
        }
        Clock Polarity: Active High
        Clock Enable: True
    </CYPRESSTAG>
    <CYPRESSTAG name="Count7 listing">
    </CYPRESSTAG>
    <CYPRESSTAG name="DRQ listing">
    </CYPRESSTAG>
    <CYPRESSTAG name="Interrupt listing">

    ------------------------------------------------------------
    Interrupt listing
    ------------------------------------------------------------

    interrupt: Name =\BLE:bless_isr\
        PORT MAP (
            interrupt => \BLE:Net_15\ );
        Properties:
        {
            int_type = "10"
            is_nmi = 0
        }
    </CYPRESSTAG>
</CYPRESSTAG>
<CYPRESSTAG name="Technology mapping summary" expanded>

------------------------------------------------------------
Technology mapping summary
------------------------------------------------------------

Resource Type                 : Used : Free :  Max :  % Used
============================================================
Digital Clocks                :    1 :    3 :    4 : 25.00 %
Interrupts                    :    1 :   31 :   32 :  3.13 %
IO                            :    9 :   29 :   38 : 23.68 %
Segment LCD                   :    0 :    1 :    1 :  0.00 %
CapSense                      :    0 :    1 :    1 :  0.00 %
Die Temp                      :    0 :    1 :    1 :  0.00 %
Serial Communication (SCB)    :    0 :    2 :    2 :  0.00 %
BLE                           :    1 :    0 :    1 : 100.00 %
Timer/Counter/PWM             :    0 :    4 :    4 :  0.00 %
UDB                           :      :      :      :        
  Macrocells                  :    6 :   26 :   32 : 18.75 %
  Unique P-terms              :    6 :   58 :   64 :  9.38 %
  Total P-terms               :    6 :      :      :        
  Datapath Cells              :    1 :    3 :    4 : 25.00 %
  Status Cells                :    1 :    3 :    4 : 25.00 %
    StatusI Registers         :    1 :      :      :        
  Control Cells               :    1 :    3 :    4 : 25.00 %
    Control Registers         :    1 :      :      :        
Comparator/Opamp              :    0 :    4 :    4 :  0.00 %
LP Comparator                 :    0 :    2 :    2 :  0.00 %
SAR ADC                       :    0 :    1 :    1 :  0.00 %
DAC                           :      :      :      :        
  7-bit IDAC                  :    0 :    1 :    1 :  0.00 %
  8-bit IDAC                  :    0 :    1 :    1 :  0.00 %
</CYPRESSTAG>
Technology Mapping: Elapsed time ==> 0s.100ms
Tech Mapping phase: Elapsed time ==> 0s.130ms
</CYPRESSTAG>
<CYPRESSTAG name="Analog Placement">
<CYPRESSTAG name="FFB & IO Pre Placement">
<CYPRESSTAG name="Placement" icon="FILE_RPT_PLACEMENT">

Cell                                : Block                              
=========================================================================
Blue_LED(0)                         : [IOP=(3)][IoId=(7)]                
Forward_Pin(0)                      : [IOP=(1)][IoId=(0)]                
Reverse_Pin(0)                      : [IOP=(1)][IoId=(1)]                
Right_Pin(0)                        : [IOP=(1)][IoId=(2)]                
Left_Pin(0)                         : [IOP=(1)][IoId=(3)]                
ClockGenBlock                       : CLK_GEN_[FFB(CLK_GEN,0)]           
\BLE:cy_m0s8_ble\                   : BLE_[FFB(BLE,0)]                   

</CYPRESSTAG>
</CYPRESSTAG>
<CYPRESSTAG name="Real Analog Placement">
Elapsed time ==> 0.1853388s
</CYPRESSTAG>
Analog Placement phase: Elapsed time ==> 0s.382ms
</CYPRESSTAG>
<CYPRESSTAG name="Analog Routing">
<CYPRESSTAG name="Analog Routing">
Route success=True, Iterations=1 Elapsed=0.0009122 secs
</CYPRESSTAG>
Analog Routing phase: Elapsed time ==> 0s.000ms
</CYPRESSTAG>
<CYPRESSTAG name="Analog Code Generation">
============ Analog Final Answer Routes ============
Dump of CyAnalogRoutingResultsDB
Map of net to items {
}
Map of item to net {
}
Mux Info {
}
Analog Code Generation phase: Elapsed time ==> 0s.030ms
</CYPRESSTAG>
<CYPRESSTAG name="Digital Placement">
<CYPRESSTAG name="Detailed placement messages">
I2076: Total run-time: 0.3 sec.

</CYPRESSTAG>
<CYPRESSTAG name="PLD Packing">
<CYPRESSTAG name="PLD Packing Summary" expanded>

------------------------------------------------------------
PLD Packing Summary
------------------------------------------------------------
            Resource Type : Used : Free :  Max :  % Used
    ====================================================
                     PLDs :    2 :    6 :    8 :  25.00%

<CYPRESSTAG name="PLD Statistics">

        PLD Resource Type :     Average/LAB
    =======================================
                   Inputs :            3.50
                   Pterms :            3.00
               Macrocells :            3.00
</CYPRESSTAG>
<CYPRESSTAG name="Packed PLD Contents">
Packed PLD Contents not displayed at this verbose level.</CYPRESSTAG>
</CYPRESSTAG>
PLD Packing: Elapsed time ==> 0s.000ms
</CYPRESSTAG>
<CYPRESSTAG name="Partitioning">
<CYPRESSTAG name="Initial Partitioning Summary">
Initial Partitioning Summary not displayed at this verbose level.</CYPRESSTAG>
<CYPRESSTAG name="Final Partitioning Summary">
Final Partitioning Summary not displayed at this verbose level.</CYPRESSTAG>
Partitioning: Elapsed time ==> 0s.020ms
</CYPRESSTAG>
<CYPRESSTAG name="Final Placement Summary">

------------------------------------------------------------
Final Placement Summary
------------------------------------------------------------

       Resource Type :      Count : Avg Inputs : Avg Outputs
    ========================================================
                 UDB :          1 :       6.00 :       6.00
<CYPRESSTAG name="Final Placement Details">
<CYPRESSTAG name="Component Details">

------------------------------------------------------------
Component Placement Details
------------------------------------------------------------
UDB [UDB=(0,0)] contents:
LAB@[UDB=(0,0)][LB=0] #macrocells=4, #inputs=4, #pterms=4
{
    [McSlotId=0]:     MacroCell: Name=\PWM:PWMUDB:status_0\, Mode=(D-Register) @ [UDB=(0,0)][LB=0][MC=0]
        Total # of inputs        : 2
        Total # of product terms : 1
        List of special equations: 
            Clock  = (Net_159_digital) => Global
            Clock Enable: True
        Main Equation            : 1 pterm
        (
              !\PWM:PWMUDB:prevCompare1\ * \PWM:PWMUDB:cmp1_less\
        );
        Output = \PWM:PWMUDB:status_0\ (fanout=1)
        Properties               : 
        {
        }

    [McSlotId=1]:     MacroCell: Name=\PWM:PWMUDB:prevCompare1\, Mode=(D-Register) @ [UDB=(0,0)][LB=0][MC=1]
        Total # of inputs        : 1
        Total # of product terms : 1
        List of special equations: 
            Clock  = (Net_159_digital) => Global
            Clock Enable: True
        Main Equation            : 1 pterm
        (
              \PWM:PWMUDB:cmp1_less\
        );
        Output = \PWM:PWMUDB:prevCompare1\ (fanout=1)
        Properties               : 
        {
        }

    [McSlotId=2]:     MacroCell: Name=Net_74, Mode=(D-Register) @ [UDB=(0,0)][LB=0][MC=2]
        Total # of inputs        : 2
        Total # of product terms : 1
        List of special equations: 
            Clock  = (Net_159_digital) => Global
            Clock Enable: True
        Main Equation            : 1 pterm
        (
              \PWM:PWMUDB:runmode_enable\ * \PWM:PWMUDB:cmp1_less\
        );
        Output = Net_74 (fanout=1)
        Properties               : 
        {
        }

    [McSlotId=3]:     MacroCell: Name=Net_144, Mode=(Combinatorial) @ [UDB=(0,0)][LB=0][MC=3]
        Total # of inputs        : 1
        Total # of product terms : 1
            Clock Enable: True
        Main Equation            : 1 pterm
        (
              !Net_74
        );
        Output = Net_144 (fanout=1)
        Properties               : 
        {
        }
}

LAB@[UDB=(0,0)][LB=1] #macrocells=2, #inputs=3, #pterms=2
{
    [McSlotId=0]:     MacroCell: Name=\PWM:PWMUDB:runmode_enable\, Mode=(D-Register) @ [UDB=(0,0)][LB=1][MC=0]
        Total # of inputs        : 1
        Total # of product terms : 1
        List of special equations: 
            Clock  = (Net_159_digital) => Global
            Clock Enable: True
        Main Equation            : 1 pterm
        (
              \PWM:PWMUDB:control_7\
        );
        Output = \PWM:PWMUDB:runmode_enable\ (fanout=3)
        Properties               : 
        {
        }

    [McSlotId=1]:     MacroCell: Name=\PWM:PWMUDB:status_2\, Mode=(Combinatorial) @ [UDB=(0,0)][LB=1][MC=1]
        Total # of inputs        : 2
        Total # of product terms : 1
            Clock Enable: True
        Main Equation            : 1 pterm
        (
              \PWM:PWMUDB:runmode_enable\ * \PWM:PWMUDB:tc_i\
        );
        Output = \PWM:PWMUDB:status_2\ (fanout=1)
        Properties               : 
        {
        }

    [McSlotId=2]: (empty)
    [McSlotId=3]: (empty)
}

datapathcell: Name =\PWM:PWMUDB:sP8:pwmdp:u0\
    PORT MAP (
        clock => Net_159_digital ,
        cs_addr_2 => \PWM:PWMUDB:tc_i\ ,
        cs_addr_1 => \PWM:PWMUDB:runmode_enable\ ,
        cl0_comb => \PWM:PWMUDB:cmp1_less\ ,
        z0_comb => \PWM:PWMUDB:tc_i\ ,
        f1_blk_stat_comb => \PWM:PWMUDB:status_3\ );
    Properties:
    {
        a0_init = "00000000"
        a1_init = "00000000"
        ce0_sync = 1
        ce1_sync = 1
        cl0_sync = 1
        cl1_sync = 1
        cmsb_sync = 1
        co_msb_sync = 1
        cy_dpconfig = "0000000001000000000000001100000001000000010000000000000011000000000000001100000000000000110000000000000011000000000000001100000011111111000000001111111111111111101000000000000000000100000000000000000000011000"
        d0_init = "00000000"
        d1_init = "00000000"
        f0_blk_sync = 1
        f0_bus_sync = 1
        f1_blk_sync = 1
        f1_bus_sync = 1
        ff0_sync = 1
        ff1_sync = 1
        ov_msb_sync = 1
        so_sync = 1
        z0_sync = 1
        z1_sync = 1
    }
    Clock Polarity: Active High
    Clock Enable: True

statusicell: Name =\PWM:PWMUDB:genblk8:stsreg\
    PORT MAP (
        clock => Net_159_digital ,
        status_3 => \PWM:PWMUDB:status_3\ ,
        status_2 => \PWM:PWMUDB:status_2\ ,
        status_0 => \PWM:PWMUDB:status_0\ );
    Properties:
    {
        cy_force_order = 1
        cy_int_mask = "1111111"
        cy_md_select = "0100111"
    }
    Clock Polarity: Active High
    Clock Enable: True

controlcell: Name =\PWM:PWMUDB:genblk1:ctrlreg\
    PORT MAP (
        clock => Net_159_digital ,
        control_7 => \PWM:PWMUDB:control_7\ ,
        control_6 => \PWM:PWMUDB:control_6\ ,
        control_5 => \PWM:PWMUDB:control_5\ ,
        control_4 => \PWM:PWMUDB:control_4\ ,
        control_3 => \PWM:PWMUDB:control_3\ ,
        control_2 => \PWM:PWMUDB:control_2\ ,
        control_1 => \PWM:PWMUDB:control_1\ ,
        control_0 => \PWM:PWMUDB:control_0\ );
    Properties:
    {
        cy_ctrl_mode_0 = "11111111"
        cy_ctrl_mode_1 = "00000000"
        cy_ext_reset = 0
        cy_force_order = 1
        cy_init_value = "00000000"
    }
    Clock Polarity: Active High
    Clock Enable: True

UDB [UDB=(0,1)] is empty.
UDB [UDB=(1,0)] is empty.
UDB [UDB=(1,1)] is empty.
Intr container @ [IntrContainer=(0)]: 
  Intr@ [IntrContainer=(0)][IntrId=(12)] 
    interrupt: Name =\BLE:bless_isr\
        PORT MAP (
            interrupt => \BLE:Net_15\ );
        Properties:
        {
            int_type = "10"
            is_nmi = 0
        }
Port 0 contains the following IO cells:
Port 1 contains the following IO cells:
[IoId=0]: 
Pin : Name = Forward_Pin(0)
    Attributes:
        In Group/Port: True
        In Sync Option: AUTO
        Out Sync Option: NOSYNC
        Interrupt generated: False
        Interrupt mode: NONE
        Drive mode: CMOS_OUT
        VTrip: EITHER
        Slew: FAST
        Input Sync needed: False
        Output Sync needed: False
        SC shield enabled: False
        POR State: ANY
        LCD Mode: COMMON
        Register Mode: RegComb
        CaSense Mode: NEITHER
        Treat as pin: True
        Is OE Registered: False
        Uses Analog: False
        Can contain Digital: True
        Is SIO: False
        SIO Output Buf: NONREGULATED
        SIO Input Buf: SINGLE_ENDED
        SIO HiFreq: LOW
        SIO Hyst: DISABLED
        SIO Vtrip: MULTIPLIER_0_5
        SIO Multiplier Index: 0
        SIO RefSel: VCC_IO
        Required Capabilities: DIGITAL
        Initial Value: 0
        IO Voltage: 0
    PORT MAP (
        pa_out => Forward_Pin(0)__PA ,
        pad => Forward_Pin(0)_PAD );
    Properties:
    {
    }

[IoId=1]: 
Pin : Name = Reverse_Pin(0)
    Attributes:
        In Group/Port: True
        In Sync Option: AUTO
        Out Sync Option: NOSYNC
        Interrupt generated: False
        Interrupt mode: NONE
        Drive mode: CMOS_OUT
        VTrip: EITHER
        Slew: FAST
        Input Sync needed: False
        Output Sync needed: False
        SC shield enabled: False
        POR State: ANY
        LCD Mode: COMMON
        Register Mode: RegComb
        CaSense Mode: NEITHER
        Treat as pin: True
        Is OE Registered: False
        Uses Analog: False
        Can contain Digital: True
        Is SIO: False
        SIO Output Buf: NONREGULATED
        SIO Input Buf: SINGLE_ENDED
        SIO HiFreq: LOW
        SIO Hyst: DISABLED
        SIO Vtrip: MULTIPLIER_0_5
        SIO Multiplier Index: 0
        SIO RefSel: VCC_IO
        Required Capabilities: DIGITAL
        Initial Value: 0
        IO Voltage: 0
    PORT MAP (
        pa_out => Reverse_Pin(0)__PA ,
        pad => Reverse_Pin(0)_PAD );
    Properties:
    {
    }

[IoId=2]: 
Pin : Name = Right_Pin(0)
    Attributes:
        In Group/Port: True
        In Sync Option: AUTO
        Out Sync Option: NOSYNC
        Interrupt generated: False
        Interrupt mode: NONE
        Drive mode: CMOS_OUT
        VTrip: EITHER
        Slew: FAST
        Input Sync needed: False
        Output Sync needed: False
        SC shield enabled: False
        POR State: ANY
        LCD Mode: COMMON
        Register Mode: RegComb
        CaSense Mode: NEITHER
        Treat as pin: True
        Is OE Registered: False
        Uses Analog: False
        Can contain Digital: True
        Is SIO: False
        SIO Output Buf: NONREGULATED
        SIO Input Buf: SINGLE_ENDED
        SIO HiFreq: LOW
        SIO Hyst: DISABLED
        SIO Vtrip: MULTIPLIER_0_5
        SIO Multiplier Index: 0
        SIO RefSel: VCC_IO
        Required Capabilities: DIGITAL
        Initial Value: 0
        IO Voltage: 0
    PORT MAP (
        pa_out => Right_Pin(0)__PA ,
        pad => Right_Pin(0)_PAD );
    Properties:
    {
    }

[IoId=3]: 
Pin : Name = Left_Pin(0)
    Attributes:
        In Group/Port: True
        In Sync Option: AUTO
        Out Sync Option: NOSYNC
        Interrupt generated: False
        Interrupt mode: NONE
        Drive mode: CMOS_OUT
        VTrip: EITHER
        Slew: FAST
        Input Sync needed: False
        Output Sync needed: False
        SC shield enabled: False
        POR State: ANY
        LCD Mode: COMMON
        Register Mode: RegComb
        CaSense Mode: NEITHER
        Treat as pin: True
        Is OE Registered: False
        Uses Analog: False
        Can contain Digital: True
        Is SIO: False
        SIO Output Buf: NONREGULATED
        SIO Input Buf: SINGLE_ENDED
        SIO HiFreq: LOW
        SIO Hyst: DISABLED
        SIO Vtrip: MULTIPLIER_0_5
        SIO Multiplier Index: 0
        SIO RefSel: VCC_IO
        Required Capabilities: DIGITAL
        Initial Value: 0
        IO Voltage: 0
    PORT MAP (
        pa_out => Left_Pin(0)__PA ,
        pad => Left_Pin(0)_PAD );
    Properties:
    {
    }

Port 2 contains the following IO cells:
Port 3 contains the following IO cells:
[IoId=7]: 
Pin : Name = Blue_LED(0)
    Attributes:
        In Group/Port: True
        In Sync Option: AUTO
        Out Sync Option: NOSYNC
        Interrupt generated: False
        Interrupt mode: NONE
        Drive mode: CMOS_OUT
        VTrip: EITHER
        Slew: FAST
        Input Sync needed: False
        Output Sync needed: False
        SC shield enabled: False
        POR State: ANY
        LCD Mode: COMMON
        Register Mode: RegComb
        CaSense Mode: NEITHER
        Treat as pin: True
        Is OE Registered: False
        Uses Analog: False
        Can contain Digital: True
        Is SIO: False
        SIO Output Buf: NONREGULATED
        SIO Input Buf: SINGLE_ENDED
        SIO HiFreq: LOW
        SIO Hyst: DISABLED
        SIO Vtrip: MULTIPLIER_0_5
        SIO Multiplier Index: 0
        SIO RefSel: VCC_IO
        Required Capabilities: DIGITAL, ROUTABLE
        Initial Value: 1
        IO Voltage: 0
    PORT MAP (
        pa_out => Blue_LED(0)__PA ,
        pin_input => Net_144 ,
        pad => Blue_LED(0)_PAD );
    Properties:
    {
    }

Port 4 contains the following IO cells:
Port 5 contains the following IO cells:
Port 6 contains the following IO cells:
ARM group 0: empty
Clock group 0: 
    Clock Block @ F(Clock,0): 
    m0s8clockblockcell: Name =ClockBlock
        PORT MAP (
            hfclk => ClockBlock_HFClk ,
            imo => ClockBlock_IMO ,
            ext => ClockBlock_ExtClk ,
            sysclk => ClockBlock_SysClk ,
            eco => ClockBlock_ECO ,
            ilo => ClockBlock_ILO ,
            lfclk => ClockBlock_LFClk ,
            wco => ClockBlock_WCO ,
            dsi_in_0 => ClockBlock_Routed1 ,
            udb_div_0 => dclk_to_genclk );
        Properties:
        {
        }
LCD group 0: empty
PICU group 0: empty
LPCOMP group 0: empty
SCB group 0: empty
CSD group 0: empty
CSIDAC8 group 0: empty
CSIDAC7 group 0: empty
TCPWM group 0: empty
OA group 0: empty
TEMP group 0: empty
SARADC group 0: empty
CLK_GEN group 0: 
    M0S8 Clock Gen Block @ F(CLK_GEN,0): 
    m0s8clockgenblockcell: Name =ClockGenBlock
        PORT MAP (
            gen_clk_out_0 => Net_159_digital ,
            gen_clk_in_0 => dclk_to_genclk );
        Properties:
        {
        }
LPCOMPBLOCK group 0: empty
PASSBLOCK group 0: empty
BLE group 0: 
    BLE Block @ F(BLE,0): 
    p4blecell: Name =\BLE:cy_m0s8_ble\
        PORT MAP (
            interrupt => \BLE:Net_15\ ,
            rfctrl_extpa_en => Net_2 );
        Properties:
        {
            cy_registers = ""
        }
WCO group 0: empty
SRSS group 0: empty
CPUSS group 0: empty
IOSS group 0: empty
</CYPRESSTAG>
<CYPRESSTAG name="Port Configuration Details">

------------------------------------------------------------
Port Configuration report
------------------------------------------------------------
     |     |       | Interrupt |                  |                | 
Port | Pin | Fixed |      Type |       Drive Mode |           Name | Connections
-----+-----+-------+-----------+------------------+----------------+------------
   1 |   0 |     * |      NONE |         CMOS_OUT | Forward_Pin(0) | 
     |   1 |     * |      NONE |         CMOS_OUT | Reverse_Pin(0) | 
     |   2 |     * |      NONE |         CMOS_OUT |   Right_Pin(0) | 
     |   3 |     * |      NONE |         CMOS_OUT |    Left_Pin(0) | 
-----+-----+-------+-----------+------------------+----------------+------------
   3 |   7 |     * |      NONE |         CMOS_OUT |    Blue_LED(0) | In(Net_144)
--------------------------------------------------------------------------------
</CYPRESSTAG>
</CYPRESSTAG>
</CYPRESSTAG>
Digital component placer commit/Report: Elapsed time ==> 0s.010ms
Digital Placement phase: Elapsed time ==> 0s.742ms
</CYPRESSTAG>
<CYPRESSTAG name="Digital Routing">
"C:\Program Files (x86)\Cypress\PSoC Creator\4.1\PSoC Creator\bin/sjrouter.exe" --xml-path "C:\Program Files (x86)\Cypress\PSoC Creator\4.1\PSoC Creator\dev\psoc4/3/128k/route_arch-rrg.cydata" --vh2-path "Design01_r.vh2" --pcf-path "Design01.pco" --des-name "Design01" --dsf-path "Design01.dsf" --sdc-path "Design01.sdc" --lib-path "Design01_r.lib"
Routing successful.
Digital Routing phase: Elapsed time ==> 0s.780ms
</CYPRESSTAG>
<CYPRESSTAG name="Bitstream Generation">
Bitstream Generation phase: Elapsed time ==> 0s.400ms
</CYPRESSTAG>
<CYPRESSTAG name="Bitstream Verification">
Bitstream Verification phase: Elapsed time ==> 0s.050ms
</CYPRESSTAG>
<CYPRESSTAG name="Static timing analysis">
Timing report is in Design01_timing.html.
Static timing analysis phase: Elapsed time ==> 0s.316ms
</CYPRESSTAG>
<CYPRESSTAG name="Data reporting">
Data reporting phase: Elapsed time ==> 0s.000ms
</CYPRESSTAG>
<CYPRESSTAG name="Database update...">
Design database save phase: Elapsed time ==> 0s.210ms
</CYPRESSTAG>
cydsfit: Elapsed time ==> 3s.122ms
</CYPRESSTAG>
Fitter phase: Elapsed time ==> 3s.122ms
API generation phase: Elapsed time ==> 2s.475ms
Dependency generation phase: Elapsed time ==> 0s.038ms
Cleanup phase: Elapsed time ==> 0s.000ms
